0 info it worked if it ends with ok
1 verbose cli [ 'node',
1 verbose cli   '/usr/local/bin/npm',
1 verbose cli   'install',
1 verbose cli   'grunt-contrib-contat',
1 verbose cli   '--save-dev' ]
2 info using npm@1.4.28
3 info using node@v0.10.32
4 warn package.json foundation-libsass-template@0.0.1 No repository field.
5 verbose readDependencies using package.json deps
6 verbose cache add [ 'grunt-contrib-contat', null ]
7 verbose cache add name=undefined spec="grunt-contrib-contat" args=["grunt-contrib-contat",null]
8 verbose parsed url { protocol: null,
8 verbose parsed url   slashes: null,
8 verbose parsed url   auth: null,
8 verbose parsed url   host: null,
8 verbose parsed url   port: null,
8 verbose parsed url   hostname: null,
8 verbose parsed url   hash: null,
8 verbose parsed url   search: null,
8 verbose parsed url   query: null,
8 verbose parsed url   pathname: 'grunt-contrib-contat',
8 verbose parsed url   path: 'grunt-contrib-contat',
8 verbose parsed url   href: 'grunt-contrib-contat' }
9 silly lockFile 08f55e95-grunt-contrib-contat grunt-contrib-contat
10 verbose lock grunt-contrib-contat /Users/bryannlemoigne/.npm/08f55e95-grunt-contrib-contat.lock
11 silly lockFile 08f55e95-grunt-contrib-contat grunt-contrib-contat
12 silly lockFile 08f55e95-grunt-contrib-contat grunt-contrib-contat
13 verbose addNamed [ 'grunt-contrib-contat', '' ]
14 verbose addNamed [ null, '*' ]
15 silly lockFile 8a7cb85f-grunt-contrib-contat grunt-contrib-contat@
16 verbose lock grunt-contrib-contat@ /Users/bryannlemoigne/.npm/8a7cb85f-grunt-contrib-contat.lock
17 silly addNameRange { name: 'grunt-contrib-contat', range: '*', hasData: false }
18 verbose request where is /grunt-contrib-contat
19 verbose request registry https://registry.npmjs.org/
20 verbose request id ee0717185b990503
21 verbose url raw /grunt-contrib-contat
22 verbose url resolving [ 'https://registry.npmjs.org/', './grunt-contrib-contat' ]
23 verbose url resolved https://registry.npmjs.org/grunt-contrib-contat
24 verbose request where is https://registry.npmjs.org/grunt-contrib-contat
25 info trying registry request attempt 1 at 23:41:14
26 http GET https://registry.npmjs.org/grunt-contrib-contat
27 http 404 https://registry.npmjs.org/grunt-contrib-contat
28 verbose headers { date: 'Sun, 05 Oct 2014 21:41:14 GMT',
28 verbose headers   server: 'CouchDB/1.5.0 (Erlang OTP/R16B03)',
28 verbose headers   'content-type': 'application/json',
28 verbose headers   'cache-control': 'max-age=0',
28 verbose headers   'content-length': '52',
28 verbose headers   'accept-ranges': 'bytes',
28 verbose headers   via: '1.1 varnish',
28 verbose headers   age: '0',
28 verbose headers   'x-served-by': 'cache-fra1228-FRA',
28 verbose headers   'x-cache': 'MISS',
28 verbose headers   'x-cache-hits': '0',
28 verbose headers   'x-timer': 'S1412545274.128250,VS0,VE454',
28 verbose headers   'keep-alive': 'timeout=10, max=50',
28 verbose headers   connection: 'Keep-Alive' }
29 silly registry.get cb [ 404,
29 silly registry.get   { date: 'Sun, 05 Oct 2014 21:41:14 GMT',
29 silly registry.get     server: 'CouchDB/1.5.0 (Erlang OTP/R16B03)',
29 silly registry.get     'content-type': 'application/json',
29 silly registry.get     'cache-control': 'max-age=0',
29 silly registry.get     'content-length': '52',
29 silly registry.get     'accept-ranges': 'bytes',
29 silly registry.get     via: '1.1 varnish',
29 silly registry.get     age: '0',
29 silly registry.get     'x-served-by': 'cache-fra1228-FRA',
29 silly registry.get     'x-cache': 'MISS',
29 silly registry.get     'x-cache-hits': '0',
29 silly registry.get     'x-timer': 'S1412545274.128250,VS0,VE454',
29 silly registry.get     'keep-alive': 'timeout=10, max=50',
29 silly registry.get     connection: 'Keep-Alive' } ]
30 silly lockFile 8a7cb85f-grunt-contrib-contat grunt-contrib-contat@
31 silly lockFile 8a7cb85f-grunt-contrib-contat grunt-contrib-contat@
32 error 404 404 Not Found: grunt-contrib-contat
32 error 404
32 error 404 'grunt-contrib-contat' is not in the npm registry.
32 error 404 You should bug the author to publish it
32 error 404 It was specified as a dependency of 'foundation-libsass-template'
32 error 404
32 error 404 Note that you can also install from a
32 error 404 tarball, folder, or http url, or git url.
33 error System Darwin 13.4.0
34 error command "node" "/usr/local/bin/npm" "install" "grunt-contrib-contat" "--save-dev"
35 error cwd /Users/bryannlemoigne/Documents/dev/responsiveproject
36 error node -v v0.10.32
37 error npm -v 1.4.28
38 error code E404
39 verbose exit [ 1, true ]
